<?xml version="1.0" encoding="UTF-8"?>
<testng-results ignored="0" total="1" passed="1" failed="0" skipped="0">
  <reporter-output>
  </reporter-output>
  <suite started-at="2023-06-16T13:17:25 IST" name="Default suite" finished-at="2023-06-16T13:17:28 IST" duration-ms="2854">
    <groups>
    </groups>
    <test started-at="2023-06-16T13:17:25 IST" name="Default test" finished-at="2023-06-16T13:17:28 IST" duration-ms="2854">
      <class name="basics.RestBasics">
        <test-method signature="runTestUsingExternalFilePayload()[pri:0, instance:basics.RestBasics@22ef9844]" started-at="2023-06-16T13:17:25 IST" name="runTestUsingExternalFilePayload" finished-at="2023-06-16T13:17:28 IST" duration-ms="2805" status="PASS">
          <reporter-output>
          </reporter-output>
        </test-method> <!-- runTestUsingExternalFilePayload -->
      </class> <!-- basics.RestBasics -->
    </test> <!-- Default test -->
  </suite> <!-- Default suite -->
</testng-results>
